<?xml version="1.0" encoding="UTF-8"?>
<testsuite name="example.TriangleTest" tests="500" skipped="0" failures="0" errors="0" timestamp="2022-03-20T05:54:35" hostname="XIAOMINOTEBOOK-" time="1.086">
  <properties/>
  <testcase name="[1] 1, 50, 50, 等腰三角形" classname="example.TriangleTest" time="0.048"/>
  <testcase name="[2] 100, 50, 50, 非三角形" classname="example.TriangleTest" time="0.002"/>
  <testcase name="[3] 2, 50, 50, 等腰三角形" classname="example.TriangleTest" time="0.002"/>
  <testcase name="[4] 99, 50, 50, 等腰三角形" classname="example.TriangleTest" time="0.001"/>
  <testcase name="[5] 50, 1, 50, 等腰三角形" classname="example.TriangleTest" time="0.002"/>
  <testcase name="[6] 50, 100, 50, 非三角形" classname="example.TriangleTest" time="0.002"/>
  <testcase name="[7] 50, 2, 50, 等腰三角形" classname="example.TriangleTest" time="0.002"/>
  <testcase name="[8] 50, 99, 50, 等腰三角形" classname="example.TriangleTest" time="0.002"/>
  <testcase name="[9] 50, 50, 1, 等腰三角形" classname="example.TriangleTest" time="0.001"/>
  <testcase name="[10] 50, 50, 100, 非三角形" classname="example.TriangleTest" time="0.001"/>
  <testcase name="[11] 50, 50, 2, 等腰三角形" classname="example.TriangleTest" time="0.001"/>
  <testcase name="[12] 50, 50, 99, 等腰三角形" classname="example.TriangleTest" time="0.001"/>
  <testcase name="[13] 50, 50, 50, 等边三角形" classname="example.TriangleTest" time="0.001"/>
  <testcase name="[1] 1, 50, 50, 等腰三角形" classname="example.TriangleTest" time="0.001"/>
  <testcase name="[2] 100, 50, 50, 非三角形" classname="example.TriangleTest" time="0.001"/>
  <testcase name="[3] 2, 50, 50, 等腰三角形" classname="example.TriangleTest" time="0.002"/>
  <testcase name="[4] 99, 50, 50, 等腰三角形" classname="example.TriangleTest" time="0.001"/>
  <testcase name="[5] 0, 50, 50, 输入错误" classname="example.TriangleTest" time="0.001"/>
  <testcase name="[6] 101, 50, 50, 输入错误" classname="example.TriangleTest" time="0.001"/>
  <testcase name="[7] 50, 1, 50, 等腰三角形" classname="example.TriangleTest" time="0.001"/>
  <testcase name="[8] 50, 100, 50, 非三角形" classname="example.TriangleTest" time="0.001"/>
  <testcase name="[9] 50, 2, 50, 等腰三角形" classname="example.TriangleTest" time="0.001"/>
  <testcase name="[10] 50, 99, 50, 等腰三角形" classname="example.TriangleTest" time="0.002"/>
  <testcase name="[11] 50, 0, 50, 输入错误" classname="example.TriangleTest" time="0.001"/>
  <testcase name="[12] 50, 101, 50, 输入错误" classname="example.TriangleTest" time="0.001"/>
  <testcase name="[13] 50, 50, 1, 等腰三角形" classname="example.TriangleTest" time="0.001"/>
  <testcase name="[14] 50, 50, 100, 非三角形" classname="example.TriangleTest" time="0.0"/>
  <testcase name="[15] 50, 50, 2, 等腰三角形" classname="example.TriangleTest" time="0.0"/>
  <testcase name="[16] 50, 50, 99, 等腰三角形" classname="example.TriangleTest" time="0.002"/>
  <testcase name="[17] 50, 50, 0, 输入错误" classname="example.TriangleTest" time="0.001"/>
  <testcase name="[18] 50, 50, 101, 输入错误" classname="example.TriangleTest" time="0.0"/>
  <testcase name="[19] 50, 50, 50, 等边三角形" classname="example.TriangleTest" time="0.001"/>
  <testcase name="[1] 1, 1, 1, 等边三角形" classname="example.TriangleTest" time="0.0"/>
  <testcase name="[2] 1, 1, 2, 非三角形" classname="example.TriangleTest" time="0.001"/>
  <testcase name="[3] 1, 1, 50, 非三角形" classname="example.TriangleTest" time="0.002"/>
  <testcase name="[4] 1, 1, 99, 非三角形" classname="example.TriangleTest" time="0.001"/>
  <testcase name="[5] 1, 1, 100, 非三角形" classname="example.TriangleTest" time="0.001"/>
  <testcase name="[6] 1, 2, 1, 非三角形" classname="example.TriangleTest" time="0.001"/>
  <testcase name="[7] 1, 2, 2, 等腰三角形" classname="example.TriangleTest" time="0.001"/>
  <testcase name="[8] 1, 2, 50, 非三角形" classname="example.TriangleTest" time="0.001"/>
  <testcase name="[9] 1, 2, 99, 非三角形" classname="example.TriangleTest" time="0.001"/>
  <testcase name="[10] 1, 2, 100, 非三角形" classname="example.TriangleTest" time="0.001"/>
  <testcase name="[11] 1, 50, 1, 非三角形" classname="example.TriangleTest" time="0.001"/>
  <testcase name="[12] 1, 50, 2, 非三角形" classname="example.TriangleTest" time="0.001"/>
  <testcase name="[13] 1, 50, 50, 等腰三角形" classname="example.TriangleTest" time="0.0"/>
  <testcase name="[14] 1, 50, 99, 非三角形" classname="example.TriangleTest" time="0.001"/>
  <testcase name="[15] 1, 50, 100, 非三角形" classname="example.TriangleTest" time="0.001"/>
  <testcase name="[16] 1, 99, 1, 非三角形" classname="example.TriangleTest" time="0.001"/>
  <testcase name="[17] 1, 99, 2, 非三角形" classname="example.TriangleTest" time="0.002"/>
  <testcase name="[18] 1, 99, 50, 非三角形" classname="example.TriangleTest" time="0.001"/>
  <testcase name="[19] 1, 99, 99, 等腰三角形" classname="example.TriangleTest" time="0.001"/>
  <testcase name="[20] 1, 99, 100, 非三角形" classname="example.TriangleTest" time="0.0"/>
  <testcase name="[21] 1, 100, 1, 非三角形" classname="example.TriangleTest" time="0.0"/>
  <testcase name="[22] 1, 100, 2, 非三角形" classname="example.TriangleTest" time="0.001"/>
  <testcase name="[23] 1, 100, 50, 非三角形" classname="example.TriangleTest" time="0.001"/>
  <testcase name="[24] 1, 100, 99, 非三角形" classname="example.TriangleTest" time="0.001"/>
  <testcase name="[25] 1, 100, 100, 等腰三角形" classname="example.TriangleTest" time="0.002"/>
  <testcase name="[26] 2, 1, 1, 非三角形" classname="example.TriangleTest" time="0.001"/>
  <testcase name="[27] 2, 1, 2, 等腰三角形" classname="example.TriangleTest" time="0.0"/>
  <testcase name="[28] 2, 1, 50, 非三角形" classname="example.TriangleTest" time="0.0"/>
  <testcase name="[29] 2, 1, 99, 非三角形" classname="example.TriangleTest" time="0.001"/>
  <testcase name="[30] 2, 1, 100, 非三角形" classname="example.TriangleTest" time="0.0"/>
  <testcase name="[31] 2, 2, 1, 等腰三角形" classname="example.TriangleTest" time="0.001"/>
  <testcase name="[32] 2, 2, 2, 等边三角形" classname="example.TriangleTest" time="0.0"/>
  <testcase name="[33] 2, 2, 50, 非三角形" classname="example.TriangleTest" time="0.001"/>
  <testcase name="[34] 2, 2, 99, 非三角形" classname="example.TriangleTest" time="0.001"/>
  <testcase name="[35] 2, 2, 100, 非三角形" classname="example.TriangleTest" time="0.0"/>
  <testcase name="[36] 2, 50, 1, 非三角形" classname="example.TriangleTest" time="0.001"/>
  <testcase name="[37] 2, 50, 2, 非三角形" classname="example.TriangleTest" time="0.001"/>
  <testcase name="[38] 2, 50, 50, 等腰三角形" classname="example.TriangleTest" time="0.0"/>
  <testcase name="[39] 2, 50, 99, 非三角形" classname="example.TriangleTest" time="0.001"/>
  <testcase name="[40] 2, 50, 100, 非三角形" classname="example.TriangleTest" time="0.001"/>
  <testcase name="[41] 2, 99, 1, 非三角形" classname="example.TriangleTest" time="0.001"/>
  <testcase name="[42] 2, 99, 2, 非三角形" classname="example.TriangleTest" time="0.001"/>
  <testcase name="[43] 2, 99, 50, 非三角形" classname="example.TriangleTest" time="0.001"/>
  <testcase name="[44] 2, 99, 99, 等腰三角形" classname="example.TriangleTest" time="0.001"/>
  <testcase name="[45] 2, 99, 100, 不等边三角形" classname="example.TriangleTest" time="0.0"/>
  <testcase name="[46] 2, 100, 1, 非三角形" classname="example.TriangleTest" time="0.0"/>
  <testcase name="[47] 2, 100, 2, 非三角形" classname="example.TriangleTest" time="0.001"/>
  <testcase name="[48] 2, 100, 50, 非三角形" classname="example.TriangleTest" time="0.0"/>
  <testcase name="[49] 2, 100, 99, 不等边三角形" classname="example.TriangleTest" time="0.0"/>
  <testcase name="[50] 2, 100, 100, 等腰三角形" classname="example.TriangleTest" time="0.0"/>
  <testcase name="[51] 50, 1, 1, 非三角形" classname="example.TriangleTest" time="0.001"/>
  <testcase name="[52] 50, 1, 2, 非三角形" classname="example.TriangleTest" time="0.001"/>
  <testcase name="[53] 50, 1, 50, 等腰三角形" classname="example.TriangleTest" time="0.001"/>
  <testcase name="[54] 50, 1, 99, 非三角形" classname="example.TriangleTest" time="0.001"/>
  <testcase name="[55] 50, 1, 100, 非三角形" classname="example.TriangleTest" time="0.0"/>
  <testcase name="[56] 50, 2, 1, 非三角形" classname="example.TriangleTest" time="0.001"/>
  <testcase name="[57] 50, 2, 2, 非三角形" classname="example.TriangleTest" time="0.001"/>
  <testcase name="[58] 50, 2, 50, 等腰三角形" classname="example.TriangleTest" time="0.0"/>
  <testcase name="[59] 50, 2, 99, 非三角形" classname="example.TriangleTest" time="0.001"/>
  <testcase name="[60] 50, 2, 100, 非三角形" classname="example.TriangleTest" time="0.0"/>
  <testcase name="[61] 50, 50, 1, 等腰三角形" classname="example.TriangleTest" time="0.001"/>
  <testcase name="[62] 50, 50, 2, 等腰三角形" classname="example.TriangleTest" time="0.0"/>
  <testcase name="[63] 50, 50, 50, 等边三角形" classname="example.TriangleTest" time="0.001"/>
  <testcase name="[64] 50, 50, 99, 等腰三角形" classname="example.TriangleTest" time="0.001"/>
  <testcase name="[65] 50, 50, 100, 非三角形" classname="example.TriangleTest" time="0.001"/>
  <testcase name="[66] 50, 99, 1, 非三角形" classname="example.TriangleTest" time="0.0"/>
  <testcase name="[67] 50, 99, 2, 非三角形" classname="example.TriangleTest" time="0.001"/>
  <testcase name="[68] 50, 99, 50, 等腰三角形" classname="example.TriangleTest" time="0.001"/>
  <testcase name="[69] 50, 99, 99, 等腰三角形" classname="example.TriangleTest" time="0.001"/>
  <testcase name="[70] 50, 99, 100, 不等边三角形" classname="example.TriangleTest" time="0.002"/>
  <testcase name="[71] 50, 100, 1, 非三角形" classname="example.TriangleTest" time="0.0"/>
  <testcase name="[72] 50, 100, 2, 非三角形" classname="example.TriangleTest" time="0.001"/>
  <testcase name="[73] 50, 100, 50, 非三角形" classname="example.TriangleTest" time="0.001"/>
  <testcase name="[74] 50, 100, 99, 不等边三角形" classname="example.TriangleTest" time="0.0"/>
  <testcase name="[75] 50, 100, 100, 等腰三角形" classname="example.TriangleTest" time="0.001"/>
  <testcase name="[76] 99, 1, 1, 非三角形" classname="example.TriangleTest" time="0.0"/>
  <testcase name="[77] 99, 1, 2, 非三角形" classname="example.TriangleTest" time="0.0"/>
  <testcase name="[78] 99, 1, 50, 非三角形" classname="example.TriangleTest" time="0.0"/>
  <testcase name="[79] 99, 1, 99, 等腰三角形" classname="example.TriangleTest" time="0.0"/>
  <testcase name="[80] 99, 1, 100, 非三角形" classname="example.TriangleTest" time="0.001"/>
  <testcase name="[81] 99, 2, 1, 非三角形" classname="example.TriangleTest" time="0.001"/>
  <testcase name="[82] 99, 2, 2, 非三角形" classname="example.TriangleTest" time="0.001"/>
  <testcase name="[83] 99, 2, 50, 非三角形" classname="example.TriangleTest" time="0.0"/>
  <testcase name="[84] 99, 2, 99, 等腰三角形" classname="example.TriangleTest" time="0.0"/>
  <testcase name="[85] 99, 2, 100, 不等边三角形" classname="example.TriangleTest" time="0.0"/>
  <testcase name="[86] 99, 50, 1, 非三角形" classname="example.TriangleTest" time="0.001"/>
  <testcase name="[87] 99, 50, 2, 非三角形" classname="example.TriangleTest" time="0.0"/>
  <testcase name="[88] 99, 50, 50, 等腰三角形" classname="example.TriangleTest" time="0.001"/>
  <testcase name="[89] 99, 50, 99, 等腰三角形" classname="example.TriangleTest" time="0.001"/>
  <testcase name="[90] 99, 50, 100, 不等边三角形" classname="example.TriangleTest" time="0.001"/>
  <testcase name="[91] 99, 99, 1, 等腰三角形" classname="example.TriangleTest" time="0.001"/>
  <testcase name="[92] 99, 99, 2, 等腰三角形" classname="example.TriangleTest" time="0.001"/>
  <testcase name="[93] 99, 99, 50, 等腰三角形" classname="example.TriangleTest" time="0.001"/>
  <testcase name="[94] 99, 99, 99, 等边三角形" classname="example.TriangleTest" time="0.001"/>
  <testcase name="[95] 99, 99, 100, 等腰三角形" classname="example.TriangleTest" time="0.001"/>
  <testcase name="[96] 99, 100, 1, 非三角形" classname="example.TriangleTest" time="0.002"/>
  <testcase name="[97] 99, 100, 2, 不等边三角形" classname="example.TriangleTest" time="0.002"/>
  <testcase name="[98] 99, 100, 50, 不等边三角形" classname="example.TriangleTest" time="0.0"/>
  <testcase name="[99] 99, 100, 99, 等腰三角形" classname="example.TriangleTest" time="0.0"/>
  <testcase name="[100] 99, 100, 100, 等腰三角形" classname="example.TriangleTest" time="0.0"/>
  <testcase name="[101] 100, 1, 1, 非三角形" classname="example.TriangleTest" time="0.001"/>
  <testcase name="[102] 100, 1, 2, 非三角形" classname="example.TriangleTest" time="0.0"/>
  <testcase name="[103] 100, 1, 50, 非三角形" classname="example.TriangleTest" time="0.0"/>
  <testcase name="[104] 100, 1, 99, 非三角形" classname="example.TriangleTest" time="0.0"/>
  <testcase name="[105] 100, 1, 100, 等腰三角形" classname="example.TriangleTest" time="0.001"/>
  <testcase name="[106] 100, 2, 1, 非三角形" classname="example.TriangleTest" time="0.0"/>
  <testcase name="[107] 100, 2, 2, 非三角形" classname="example.TriangleTest" time="0.001"/>
  <testcase name="[108] 100, 2, 50, 非三角形" classname="example.TriangleTest" time="0.001"/>
  <testcase name="[109] 100, 2, 99, 不等边三角形" classname="example.TriangleTest" time="0.0"/>
  <testcase name="[110] 100, 2, 100, 等腰三角形" classname="example.TriangleTest" time="0.001"/>
  <testcase name="[111] 100, 50, 1, 非三角形" classname="example.TriangleTest" time="0.001"/>
  <testcase name="[112] 100, 50, 2, 非三角形" classname="example.TriangleTest" time="0.0"/>
  <testcase name="[113] 100, 50, 50, 非三角形" classname="example.TriangleTest" time="0.0"/>
  <testcase name="[114] 100, 50, 99, 不等边三角形" classname="example.TriangleTest" time="0.0"/>
  <testcase name="[115] 100, 50, 100, 等腰三角形" classname="example.TriangleTest" time="0.0"/>
  <testcase name="[116] 100, 99, 1, 非三角形" classname="example.TriangleTest" time="0.0"/>
  <testcase name="[117] 100, 99, 2, 不等边三角形" classname="example.TriangleTest" time="0.001"/>
  <testcase name="[118] 100, 99, 50, 不等边三角形" classname="example.TriangleTest" time="0.002"/>
  <testcase name="[119] 100, 99, 99, 等腰三角形" classname="example.TriangleTest" time="0.001"/>
  <testcase name="[120] 100, 99, 100, 等腰三角形" classname="example.TriangleTest" time="0.0"/>
  <testcase name="[121] 100, 100, 1, 等腰三角形" classname="example.TriangleTest" time="0.001"/>
  <testcase name="[122] 100, 100, 2, 等腰三角形" classname="example.TriangleTest" time="0.001"/>
  <testcase name="[123] 100, 100, 50, 等腰三角形" classname="example.TriangleTest" time="0.0"/>
  <testcase name="[124] 100, 100, 99, 等腰三角形" classname="example.TriangleTest" time="0.0"/>
  <testcase name="[125] 100, 100, 100, 等边三角形" classname="example.TriangleTest" time="0.0"/>
  <testcase name="[1] 0, 0, 0, 输入错误" classname="example.TriangleTest" time="0.0"/>
  <testcase name="[2] 0, 0, 1, 输入错误" classname="example.TriangleTest" time="0.001"/>
  <testcase name="[3] 0, 0, 2, 输入错误" classname="example.TriangleTest" time="0.001"/>
  <testcase name="[4] 0, 0, 50, 输入错误" classname="example.TriangleTest" time="0.001"/>
  <testcase name="[5] 0, 0, 99, 输入错误" classname="example.TriangleTest" time="0.0"/>
  <testcase name="[6] 0, 0, 100, 输入错误" classname="example.TriangleTest" time="0.0"/>
  <testcase name="[7] 0, 0, 101, 输入错误" classname="example.TriangleTest" time="0.001"/>
  <testcase name="[8] 0, 1, 0, 输入错误" classname="example.TriangleTest" time="0.003"/>
  <testcase name="[9] 0, 1, 1, 输入错误" classname="example.TriangleTest" time="0.0"/>
  <testcase name="[10] 0, 1, 2, 输入错误" classname="example.TriangleTest" time="0.001"/>
  <testcase name="[11] 0, 1, 50, 输入错误" classname="example.TriangleTest" time="0.001"/>
  <testcase name="[12] 0, 1, 99, 输入错误" classname="example.TriangleTest" time="0.001"/>
  <testcase name="[13] 0, 1, 100, 输入错误" classname="example.TriangleTest" time="0.001"/>
  <testcase name="[14] 0, 1, 101, 输入错误" classname="example.TriangleTest" time="0.001"/>
  <testcase name="[15] 0, 2, 0, 输入错误" classname="example.TriangleTest" time="0.002"/>
  <testcase name="[16] 0, 2, 1, 输入错误" classname="example.TriangleTest" time="0.002"/>
  <testcase name="[17] 0, 2, 2, 输入错误" classname="example.TriangleTest" time="0.001"/>
  <testcase name="[18] 0, 2, 50, 输入错误" classname="example.TriangleTest" time="0.0"/>
  <testcase name="[19] 0, 2, 99, 输入错误" classname="example.TriangleTest" time="0.0"/>
  <testcase name="[20] 0, 2, 100, 输入错误" classname="example.TriangleTest" time="0.001"/>
  <testcase name="[21] 0, 2, 101, 输入错误" classname="example.TriangleTest" time="0.0"/>
  <testcase name="[22] 0, 50, 0, 输入错误" classname="example.TriangleTest" time="0.001"/>
  <testcase name="[23] 0, 50, 1, 输入错误" classname="example.TriangleTest" time="0.001"/>
  <testcase name="[24] 0, 50, 2, 输入错误" classname="example.TriangleTest" time="0.0"/>
  <testcase name="[25] 0, 50, 50, 输入错误" classname="example.TriangleTest" time="0.001"/>
  <testcase name="[26] 0, 50, 99, 输入错误" classname="example.TriangleTest" time="0.001"/>
  <testcase name="[27] 0, 50, 100, 输入错误" classname="example.TriangleTest" time="0.0"/>
  <testcase name="[28] 0, 50, 101, 输入错误" classname="example.TriangleTest" time="0.001"/>
  <testcase name="[29] 0, 99, 0, 输入错误" classname="example.TriangleTest" time="0.001"/>
  <testcase name="[30] 0, 99, 1, 输入错误" classname="example.TriangleTest" time="0.002"/>
  <testcase name="[31] 0, 99, 2, 输入错误" classname="example.TriangleTest" time="0.004"/>
  <testcase name="[32] 0, 99, 50, 输入错误" classname="example.TriangleTest" time="0.002"/>
  <testcase name="[33] 0, 99, 99, 输入错误" classname="example.TriangleTest" time="0.005"/>
  <testcase name="[34] 0, 99, 100, 输入错误" classname="example.TriangleTest" time="0.004"/>
  <testcase name="[35] 0, 99, 101, 输入错误" classname="example.TriangleTest" time="0.002"/>
  <testcase name="[36] 0, 100, 0, 输入错误" classname="example.TriangleTest" time="0.001"/>
  <testcase name="[37] 0, 100, 1, 输入错误" classname="example.TriangleTest" time="0.001"/>
  <testcase name="[38] 0, 100, 2, 输入错误" classname="example.TriangleTest" time="0.002"/>
  <testcase name="[39] 0, 100, 50, 输入错误" classname="example.TriangleTest" time="0.001"/>
  <testcase name="[40] 0, 100, 99, 输入错误" classname="example.TriangleTest" time="0.001"/>
  <testcase name="[41] 0, 100, 100, 输入错误" classname="example.TriangleTest" time="0.0"/>
  <testcase name="[42] 0, 100, 101, 输入错误" classname="example.TriangleTest" time="0.002"/>
  <testcase name="[43] 0, 101, 0, 输入错误" classname="example.TriangleTest" time="0.001"/>
  <testcase name="[44] 0, 101, 1, 输入错误" classname="example.TriangleTest" time="0.0"/>
  <testcase name="[45] 0, 101, 2, 输入错误" classname="example.TriangleTest" time="0.001"/>
  <testcase name="[46] 0, 101, 50, 输入错误" classname="example.TriangleTest" time="0.001"/>
  <testcase name="[47] 0, 101, 99, 输入错误" classname="example.TriangleTest" time="0.002"/>
  <testcase name="[48] 0, 101, 100, 输入错误" classname="example.TriangleTest" time="0.0"/>
  <testcase name="[49] 0, 101, 101, 输入错误" classname="example.TriangleTest" time="0.001"/>
  <testcase name="[50] 1, 0, 0, 输入错误" classname="example.TriangleTest" time="0.001"/>
  <testcase name="[51] 1, 0, 1, 输入错误" classname="example.TriangleTest" time="0.001"/>
  <testcase name="[52] 1, 0, 2, 输入错误" classname="example.TriangleTest" time="0.001"/>
  <testcase name="[53] 1, 0, 50, 输入错误" classname="example.TriangleTest" time="0.001"/>
  <testcase name="[54] 1, 0, 99, 输入错误" classname="example.TriangleTest" time="0.002"/>
  <testcase name="[55] 1, 0, 100, 输入错误" classname="example.TriangleTest" time="0.0"/>
  <testcase name="[56] 1, 0, 101, 输入错误" classname="example.TriangleTest" time="0.0"/>
  <testcase name="[57] 1, 1, 0, 输入错误" classname="example.TriangleTest" time="0.001"/>
  <testcase name="[58] 1, 1, 1, 等边三角形" classname="example.TriangleTest" time="0.001"/>
  <testcase name="[59] 1, 1, 2, 非三角形" classname="example.TriangleTest" time="0.001"/>
  <testcase name="[60] 1, 1, 50, 非三角形" classname="example.TriangleTest" time="0.0"/>
  <testcase name="[61] 1, 1, 99, 非三角形" classname="example.TriangleTest" time="0.001"/>
  <testcase name="[62] 1, 1, 100, 非三角形" classname="example.TriangleTest" time="0.001"/>
  <testcase name="[63] 1, 1, 101, 输入错误" classname="example.TriangleTest" time="0.001"/>
  <testcase name="[64] 1, 2, 0, 输入错误" classname="example.TriangleTest" time="0.0"/>
  <testcase name="[65] 1, 2, 1, 非三角形" classname="example.TriangleTest" time="0.0"/>
  <testcase name="[66] 1, 2, 2, 等腰三角形" classname="example.TriangleTest" time="0.001"/>
  <testcase name="[67] 1, 2, 50, 非三角形" classname="example.TriangleTest" time="0.0"/>
  <testcase name="[68] 1, 2, 99, 非三角形" classname="example.TriangleTest" time="0.007"/>
  <testcase name="[69] 1, 2, 100, 非三角形" classname="example.TriangleTest" time="0.0"/>
  <testcase name="[70] 1, 2, 101, 输入错误" classname="example.TriangleTest" time="0.001"/>
  <testcase name="[71] 1, 50, 0, 输入错误" classname="example.TriangleTest" time="0.001"/>
  <testcase name="[72] 1, 50, 1, 非三角形" classname="example.TriangleTest" time="0.001"/>
  <testcase name="[73] 1, 50, 2, 非三角形" classname="example.TriangleTest" time="0.001"/>
  <testcase name="[74] 1, 50, 50, 等腰三角形" classname="example.TriangleTest" time="0.0"/>
  <testcase name="[75] 1, 50, 99, 非三角形" classname="example.TriangleTest" time="0.002"/>
  <testcase name="[76] 1, 50, 100, 非三角形" classname="example.TriangleTest" time="0.001"/>
  <testcase name="[77] 1, 50, 101, 输入错误" classname="example.TriangleTest" time="0.0"/>
  <testcase name="[78] 1, 99, 0, 输入错误" classname="example.TriangleTest" time="0.001"/>
  <testcase name="[79] 1, 99, 1, 非三角形" classname="example.TriangleTest" time="0.0"/>
  <testcase name="[80] 1, 99, 2, 非三角形" classname="example.TriangleTest" time="0.001"/>
  <testcase name="[81] 1, 99, 50, 非三角形" classname="example.TriangleTest" time="0.001"/>
  <testcase name="[82] 1, 99, 99, 等腰三角形" classname="example.TriangleTest" time="0.0"/>
  <testcase name="[83] 1, 99, 100, 非三角形" classname="example.TriangleTest" time="0.001"/>
  <testcase name="[84] 1, 99, 101, 输入错误" classname="example.TriangleTest" time="0.0"/>
  <testcase name="[85] 1, 100, 0, 输入错误" classname="example.TriangleTest" time="0.001"/>
  <testcase name="[86] 1, 100, 1, 非三角形" classname="example.TriangleTest" time="0.001"/>
  <testcase name="[87] 1, 100, 2, 非三角形" classname="example.TriangleTest" time="0.001"/>
  <testcase name="[88] 1, 100, 50, 非三角形" classname="example.TriangleTest" time="0.0"/>
  <testcase name="[89] 1, 100, 99, 非三角形" classname="example.TriangleTest" time="0.001"/>
  <testcase name="[90] 1, 100, 100, 等腰三角形" classname="example.TriangleTest" time="0.001"/>
  <testcase name="[91] 1, 100, 101, 输入错误" classname="example.TriangleTest" time="0.001"/>
  <testcase name="[92] 1, 101, 0, 输入错误" classname="example.TriangleTest" time="0.006"/>
  <testcase name="[93] 1, 101, 1, 输入错误" classname="example.TriangleTest" time="0.001"/>
  <testcase name="[94] 1, 101, 2, 输入错误" classname="example.TriangleTest" time="0.001"/>
  <testcase name="[95] 1, 101, 50, 输入错误" classname="example.TriangleTest" time="0.004"/>
  <testcase name="[96] 1, 101, 99, 输入错误" classname="example.TriangleTest" time="0.001"/>
  <testcase name="[97] 1, 101, 100, 输入错误" classname="example.TriangleTest" time="0.001"/>
  <testcase name="[98] 1, 101, 101, 输入错误" classname="example.TriangleTest" time="0.0"/>
  <testcase name="[99] 2, 0, 0, 输入错误" classname="example.TriangleTest" time="0.001"/>
  <testcase name="[100] 2, 0, 1, 输入错误" classname="example.TriangleTest" time="0.0"/>
  <testcase name="[101] 2, 0, 2, 输入错误" classname="example.TriangleTest" time="0.001"/>
  <testcase name="[102] 2, 0, 50, 输入错误" classname="example.TriangleTest" time="0.0"/>
  <testcase name="[103] 2, 0, 99, 输入错误" classname="example.TriangleTest" time="0.0"/>
  <testcase name="[104] 2, 0, 100, 输入错误" classname="example.TriangleTest" time="0.001"/>
  <testcase name="[105] 2, 0, 101, 输入错误" classname="example.TriangleTest" time="0.0"/>
  <testcase name="[106] 2, 1, 0, 输入错误" classname="example.TriangleTest" time="0.0"/>
  <testcase name="[107] 2, 1, 1, 非三角形" classname="example.TriangleTest" time="0.001"/>
  <testcase name="[108] 2, 1, 2, 等腰三角形" classname="example.TriangleTest" time="0.001"/>
  <testcase name="[109] 2, 1, 50, 非三角形" classname="example.TriangleTest" time="0.0"/>
  <testcase name="[110] 2, 1, 99, 非三角形" classname="example.TriangleTest" time="0.0"/>
  <testcase name="[111] 2, 1, 100, 非三角形" classname="example.TriangleTest" time="0.0"/>
  <testcase name="[112] 2, 1, 101, 输入错误" classname="example.TriangleTest" time="0.0"/>
  <testcase name="[113] 2, 2, 0, 输入错误" classname="example.TriangleTest" time="0.0"/>
  <testcase name="[114] 2, 2, 1, 等腰三角形" classname="example.TriangleTest" time="0.001"/>
  <testcase name="[115] 2, 2, 2, 等边三角形" classname="example.TriangleTest" time="0.001"/>
  <testcase name="[116] 2, 2, 50, 非三角形" classname="example.TriangleTest" time="0.001"/>
  <testcase name="[117] 2, 2, 99, 非三角形" classname="example.TriangleTest" time="0.001"/>
  <testcase name="[118] 2, 2, 100, 非三角形" classname="example.TriangleTest" time="0.001"/>
  <testcase name="[119] 2, 2, 101, 输入错误" classname="example.TriangleTest" time="0.001"/>
  <testcase name="[120] 2, 50, 0, 输入错误" classname="example.TriangleTest" time="0.0"/>
  <testcase name="[121] 2, 50, 1, 非三角形" classname="example.TriangleTest" time="0.0"/>
  <testcase name="[122] 2, 50, 2, 非三角形" classname="example.TriangleTest" time="0.001"/>
  <testcase name="[123] 2, 50, 50, 等腰三角形" classname="example.TriangleTest" time="0.0"/>
  <testcase name="[124] 2, 50, 99, 非三角形" classname="example.TriangleTest" time="0.0"/>
  <testcase name="[125] 2, 50, 100, 非三角形" classname="example.TriangleTest" time="0.001"/>
  <testcase name="[126] 2, 50, 101, 输入错误" classname="example.TriangleTest" time="0.0"/>
  <testcase name="[127] 2, 99, 0, 输入错误" classname="example.TriangleTest" time="0.002"/>
  <testcase name="[128] 2, 99, 1, 非三角形" classname="example.TriangleTest" time="0.001"/>
  <testcase name="[129] 2, 99, 2, 非三角形" classname="example.TriangleTest" time="0.001"/>
  <testcase name="[130] 2, 99, 50, 非三角形" classname="example.TriangleTest" time="0.002"/>
  <testcase name="[131] 2, 99, 99, 等腰三角形" classname="example.TriangleTest" time="0.0"/>
  <testcase name="[132] 2, 99, 100, 不等边三角形" classname="example.TriangleTest" time="0.0"/>
  <testcase name="[133] 2, 99, 101, 输入错误" classname="example.TriangleTest" time="0.001"/>
  <testcase name="[134] 2, 100, 0, 输入错误" classname="example.TriangleTest" time="0.001"/>
  <testcase name="[135] 2, 100, 1, 非三角形" classname="example.TriangleTest" time="0.0"/>
  <testcase name="[136] 2, 100, 2, 非三角形" classname="example.TriangleTest" time="0.001"/>
  <testcase name="[137] 2, 100, 50, 非三角形" classname="example.TriangleTest" time="0.001"/>
  <testcase name="[138] 2, 100, 99, 不等边三角形" classname="example.TriangleTest" time="0.001"/>
  <testcase name="[139] 2, 100, 100, 等腰三角形" classname="example.TriangleTest" time="0.001"/>
  <testcase name="[140] 2, 100, 101, 输入错误" classname="example.TriangleTest" time="0.001"/>
  <testcase name="[141] 2, 101, 0, 输入错误" classname="example.TriangleTest" time="0.0"/>
  <testcase name="[142] 2, 101, 1, 输入错误" classname="example.TriangleTest" time="0.001"/>
  <testcase name="[143] 2, 101, 2, 输入错误" classname="example.TriangleTest" time="0.001"/>
  <testcase name="[144] 2, 101, 50, 输入错误" classname="example.TriangleTest" time="0.001"/>
  <testcase name="[145] 2, 101, 99, 输入错误" classname="example.TriangleTest" time="0.001"/>
  <testcase name="[146] 2, 101, 100, 输入错误" classname="example.TriangleTest" time="0.002"/>
  <testcase name="[147] 2, 101, 101, 输入错误" classname="example.TriangleTest" time="0.001"/>
  <testcase name="[148] 50, 0, 0, 输入错误" classname="example.TriangleTest" time="0.001"/>
  <testcase name="[149] 50, 0, 1, 输入错误" classname="example.TriangleTest" time="0.001"/>
  <testcase name="[150] 50, 0, 2, 输入错误" classname="example.TriangleTest" time="0.001"/>
  <testcase name="[151] 50, 0, 50, 输入错误" classname="example.TriangleTest" time="0.002"/>
  <testcase name="[152] 50, 0, 99, 输入错误" classname="example.TriangleTest" time="0.002"/>
  <testcase name="[153] 50, 0, 100, 输入错误" classname="example.TriangleTest" time="0.001"/>
  <testcase name="[154] 50, 0, 101, 输入错误" classname="example.TriangleTest" time="0.001"/>
  <testcase name="[155] 50, 1, 0, 输入错误" classname="example.TriangleTest" time="0.001"/>
  <testcase name="[156] 50, 1, 1, 非三角形" classname="example.TriangleTest" time="0.001"/>
  <testcase name="[157] 50, 1, 2, 非三角形" classname="example.TriangleTest" time="0.001"/>
  <testcase name="[158] 50, 1, 50, 等腰三角形" classname="example.TriangleTest" time="0.001"/>
  <testcase name="[159] 50, 1, 99, 非三角形" classname="example.TriangleTest" time="0.002"/>
  <testcase name="[160] 50, 1, 100, 非三角形" classname="example.TriangleTest" time="0.002"/>
  <testcase name="[161] 50, 1, 101, 输入错误" classname="example.TriangleTest" time="0.001"/>
  <testcase name="[162] 50, 2, 0, 输入错误" classname="example.TriangleTest" time="0.001"/>
  <testcase name="[163] 50, 2, 1, 非三角形" classname="example.TriangleTest" time="0.0"/>
  <testcase name="[164] 50, 2, 2, 非三角形" classname="example.TriangleTest" time="0.001"/>
  <testcase name="[165] 50, 2, 50, 等腰三角形" classname="example.TriangleTest" time="0.0"/>
  <testcase name="[166] 50, 2, 99, 非三角形" classname="example.TriangleTest" time="0.001"/>
  <testcase name="[167] 50, 2, 100, 非三角形" classname="example.TriangleTest" time="0.002"/>
  <testcase name="[168] 50, 2, 101, 输入错误" classname="example.TriangleTest" time="0.002"/>
  <testcase name="[169] 50, 50, 0, 输入错误" classname="example.TriangleTest" time="0.001"/>
  <testcase name="[170] 50, 50, 1, 等腰三角形" classname="example.TriangleTest" time="0.002"/>
  <testcase name="[171] 50, 50, 2, 等腰三角形" classname="example.TriangleTest" time="0.002"/>
  <testcase name="[172] 50, 50, 50, 等边三角形" classname="example.TriangleTest" time="0.001"/>
  <testcase name="[173] 50, 50, 99, 等腰三角形" classname="example.TriangleTest" time="0.001"/>
  <testcase name="[174] 50, 50, 100, 非三角形" classname="example.TriangleTest" time="0.001"/>
  <testcase name="[175] 50, 50, 101, 输入错误" classname="example.TriangleTest" time="0.001"/>
  <testcase name="[176] 50, 99, 0, 输入错误" classname="example.TriangleTest" time="0.001"/>
  <testcase name="[177] 50, 99, 1, 非三角形" classname="example.TriangleTest" time="0.0"/>
  <testcase name="[178] 50, 99, 2, 非三角形" classname="example.TriangleTest" time="0.0"/>
  <testcase name="[179] 50, 99, 50, 等腰三角形" classname="example.TriangleTest" time="0.002"/>
  <testcase name="[180] 50, 99, 99, 等腰三角形" classname="example.TriangleTest" time="0.001"/>
  <testcase name="[181] 50, 99, 100, 不等边三角形" classname="example.TriangleTest" time="0.0"/>
  <testcase name="[182] 50, 99, 101, 输入错误" classname="example.TriangleTest" time="0.001"/>
  <testcase name="[183] 50, 100, 0, 输入错误" classname="example.TriangleTest" time="0.0"/>
  <testcase name="[184] 50, 100, 1, 非三角形" classname="example.TriangleTest" time="0.001"/>
  <testcase name="[185] 50, 100, 2, 非三角形" classname="example.TriangleTest" time="0.001"/>
  <testcase name="[186] 50, 100, 50, 非三角形" classname="example.TriangleTest" time="0.0"/>
  <testcase name="[187] 50, 100, 99, 不等边三角形" classname="example.TriangleTest" time="0.0"/>
  <testcase name="[188] 50, 100, 100, 等腰三角形" classname="example.TriangleTest" time="0.0"/>
  <testcase name="[189] 50, 100, 101, 输入错误" classname="example.TriangleTest" time="0.0"/>
  <testcase name="[190] 50, 101, 0, 输入错误" classname="example.TriangleTest" time="0.002"/>
  <testcase name="[191] 50, 101, 1, 输入错误" classname="example.TriangleTest" time="0.002"/>
  <testcase name="[192] 50, 101, 2, 输入错误" classname="example.TriangleTest" time="0.001"/>
  <testcase name="[193] 50, 101, 50, 输入错误" classname="example.TriangleTest" time="0.0"/>
  <testcase name="[194] 50, 101, 99, 输入错误" classname="example.TriangleTest" time="0.001"/>
  <testcase name="[195] 50, 101, 100, 输入错误" classname="example.TriangleTest" time="0.001"/>
  <testcase name="[196] 50, 101, 101, 输入错误" classname="example.TriangleTest" time="0.001"/>
  <testcase name="[197] 99, 0, 0, 输入错误" classname="example.TriangleTest" time="0.001"/>
  <testcase name="[198] 99, 0, 1, 输入错误" classname="example.TriangleTest" time="0.001"/>
  <testcase name="[199] 99, 0, 2, 输入错误" classname="example.TriangleTest" time="0.0"/>
  <testcase name="[200] 99, 0, 50, 输入错误" classname="example.TriangleTest" time="0.001"/>
  <testcase name="[201] 99, 0, 99, 输入错误" classname="example.TriangleTest" time="0.001"/>
  <testcase name="[202] 99, 0, 100, 输入错误" classname="example.TriangleTest" time="0.001"/>
  <testcase name="[203] 99, 0, 101, 输入错误" classname="example.TriangleTest" time="0.0"/>
  <testcase name="[204] 99, 1, 0, 输入错误" classname="example.TriangleTest" time="0.0"/>
  <testcase name="[205] 99, 1, 1, 非三角形" classname="example.TriangleTest" time="0.001"/>
  <testcase name="[206] 99, 1, 2, 非三角形" classname="example.TriangleTest" time="0.001"/>
  <testcase name="[207] 99, 1, 50, 非三角形" classname="example.TriangleTest" time="0.001"/>
  <testcase name="[208] 99, 1, 99, 等腰三角形" classname="example.TriangleTest" time="0.0"/>
  <testcase name="[209] 99, 1, 100, 非三角形" classname="example.TriangleTest" time="0.0"/>
  <testcase name="[210] 99, 1, 101, 输入错误" classname="example.TriangleTest" time="0.0"/>
  <testcase name="[211] 99, 2, 0, 输入错误" classname="example.TriangleTest" time="0.001"/>
  <testcase name="[212] 99, 2, 1, 非三角形" classname="example.TriangleTest" time="0.002"/>
  <testcase name="[213] 99, 2, 2, 非三角形" classname="example.TriangleTest" time="0.0"/>
  <testcase name="[214] 99, 2, 50, 非三角形" classname="example.TriangleTest" time="0.0"/>
  <testcase name="[215] 99, 2, 99, 等腰三角形" classname="example.TriangleTest" time="0.001"/>
  <testcase name="[216] 99, 2, 100, 不等边三角形" classname="example.TriangleTest" time="0.001"/>
  <testcase name="[217] 99, 2, 101, 输入错误" classname="example.TriangleTest" time="0.0"/>
  <testcase name="[218] 99, 50, 0, 输入错误" classname="example.TriangleTest" time="0.001"/>
  <testcase name="[219] 99, 50, 1, 非三角形" classname="example.TriangleTest" time="0.0"/>
  <testcase name="[220] 99, 50, 2, 非三角形" classname="example.TriangleTest" time="0.001"/>
  <testcase name="[221] 99, 50, 50, 等腰三角形" classname="example.TriangleTest" time="0.002"/>
  <testcase name="[222] 99, 50, 99, 等腰三角形" classname="example.TriangleTest" time="0.0"/>
  <testcase name="[223] 99, 50, 100, 不等边三角形" classname="example.TriangleTest" time="0.001"/>
  <testcase name="[224] 99, 50, 101, 输入错误" classname="example.TriangleTest" time="0.0"/>
  <testcase name="[225] 99, 99, 0, 输入错误" classname="example.TriangleTest" time="0.001"/>
  <testcase name="[226] 99, 99, 1, 等腰三角形" classname="example.TriangleTest" time="0.0"/>
  <testcase name="[227] 99, 99, 2, 等腰三角形" classname="example.TriangleTest" time="0.001"/>
  <testcase name="[228] 99, 99, 50, 等腰三角形" classname="example.TriangleTest" time="0.0"/>
  <testcase name="[229] 99, 99, 99, 等边三角形" classname="example.TriangleTest" time="0.002"/>
  <testcase name="[230] 99, 99, 100, 等腰三角形" classname="example.TriangleTest" time="0.001"/>
  <testcase name="[231] 99, 99, 101, 输入错误" classname="example.TriangleTest" time="0.001"/>
  <testcase name="[232] 99, 100, 0, 输入错误" classname="example.TriangleTest" time="0.001"/>
  <testcase name="[233] 99, 100, 1, 非三角形" classname="example.TriangleTest" time="0.0"/>
  <testcase name="[234] 99, 100, 2, 不等边三角形" classname="example.TriangleTest" time="0.0"/>
  <testcase name="[235] 99, 100, 50, 不等边三角形" classname="example.TriangleTest" time="0.001"/>
  <testcase name="[236] 99, 100, 99, 等腰三角形" classname="example.TriangleTest" time="0.001"/>
  <testcase name="[237] 99, 100, 100, 等腰三角形" classname="example.TriangleTest" time="0.0"/>
  <testcase name="[238] 99, 100, 101, 输入错误" classname="example.TriangleTest" time="0.0"/>
  <testcase name="[239] 99, 101, 0, 输入错误" classname="example.TriangleTest" time="0.001"/>
  <testcase name="[240] 99, 101, 1, 输入错误" classname="example.TriangleTest" time="0.001"/>
  <testcase name="[241] 99, 101, 2, 输入错误" classname="example.TriangleTest" time="0.001"/>
  <testcase name="[242] 99, 101, 50, 输入错误" classname="example.TriangleTest" time="0.001"/>
  <testcase name="[243] 99, 101, 99, 输入错误" classname="example.TriangleTest" time="0.002"/>
  <testcase name="[244] 99, 101, 100, 输入错误" classname="example.TriangleTest" time="0.0"/>
  <testcase name="[245] 99, 101, 101, 输入错误" classname="example.TriangleTest" time="0.0"/>
  <testcase name="[246] 100, 0, 0, 输入错误" classname="example.TriangleTest" time="0.0"/>
  <testcase name="[247] 100, 0, 1, 输入错误" classname="example.TriangleTest" time="0.001"/>
  <testcase name="[248] 100, 0, 2, 输入错误" classname="example.TriangleTest" time="0.001"/>
  <testcase name="[249] 100, 0, 50, 输入错误" classname="example.TriangleTest" time="0.0"/>
  <testcase name="[250] 100, 0, 99, 输入错误" classname="example.TriangleTest" time="0.001"/>
  <testcase name="[251] 100, 0, 100, 输入错误" classname="example.TriangleTest" time="0.001"/>
  <testcase name="[252] 100, 0, 101, 输入错误" classname="example.TriangleTest" time="0.0"/>
  <testcase name="[253] 100, 1, 0, 输入错误" classname="example.TriangleTest" time="0.003"/>
  <testcase name="[254] 100, 1, 1, 非三角形" classname="example.TriangleTest" time="0.001"/>
  <testcase name="[255] 100, 1, 2, 非三角形" classname="example.TriangleTest" time="0.0"/>
  <testcase name="[256] 100, 1, 50, 非三角形" classname="example.TriangleTest" time="0.001"/>
  <testcase name="[257] 100, 1, 99, 非三角形" classname="example.TriangleTest" time="0.001"/>
  <testcase name="[258] 100, 1, 100, 等腰三角形" classname="example.TriangleTest" time="0.001"/>
  <testcase name="[259] 100, 1, 101, 输入错误" classname="example.TriangleTest" time="0.001"/>
  <testcase name="[260] 100, 2, 0, 输入错误" classname="example.TriangleTest" time="0.001"/>
  <testcase name="[261] 100, 2, 1, 非三角形" classname="example.TriangleTest" time="0.0"/>
  <testcase name="[262] 100, 2, 2, 非三角形" classname="example.TriangleTest" time="0.0"/>
  <testcase name="[263] 100, 2, 50, 非三角形" classname="example.TriangleTest" time="0.0"/>
  <testcase name="[264] 100, 2, 99, 不等边三角形" classname="example.TriangleTest" time="0.009"/>
  <testcase name="[265] 100, 2, 100, 等腰三角形" classname="example.TriangleTest" time="0.004"/>
  <testcase name="[266] 100, 2, 101, 输入错误" classname="example.TriangleTest" time="0.002"/>
  <testcase name="[267] 100, 50, 0, 输入错误" classname="example.TriangleTest" time="0.0"/>
  <testcase name="[268] 100, 50, 1, 非三角形" classname="example.TriangleTest" time="0.0"/>
  <testcase name="[269] 100, 50, 2, 非三角形" classname="example.TriangleTest" time="0.001"/>
  <testcase name="[270] 100, 50, 50, 非三角形" classname="example.TriangleTest" time="0.001"/>
  <testcase name="[271] 100, 50, 99, 不等边三角形" classname="example.TriangleTest" time="0.0"/>
  <testcase name="[272] 100, 50, 100, 等腰三角形" classname="example.TriangleTest" time="0.001"/>
  <testcase name="[273] 100, 50, 101, 输入错误" classname="example.TriangleTest" time="0.0"/>
  <testcase name="[274] 100, 99, 0, 输入错误" classname="example.TriangleTest" time="0.0"/>
  <testcase name="[275] 100, 99, 1, 非三角形" classname="example.TriangleTest" time="0.001"/>
  <testcase name="[276] 100, 99, 2, 不等边三角形" classname="example.TriangleTest" time="0.002"/>
  <testcase name="[277] 100, 99, 50, 不等边三角形" classname="example.TriangleTest" time="0.0"/>
  <testcase name="[278] 100, 99, 99, 等腰三角形" classname="example.TriangleTest" time="0.001"/>
  <testcase name="[279] 100, 99, 100, 等腰三角形" classname="example.TriangleTest" time="0.001"/>
  <testcase name="[280] 100, 99, 101, 输入错误" classname="example.TriangleTest" time="0.001"/>
  <testcase name="[281] 100, 100, 0, 输入错误" classname="example.TriangleTest" time="0.0"/>
  <testcase name="[282] 100, 100, 1, 等腰三角形" classname="example.TriangleTest" time="0.001"/>
  <testcase name="[283] 100, 100, 2, 等腰三角形" classname="example.TriangleTest" time="0.0"/>
  <testcase name="[284] 100, 100, 50, 等腰三角形" classname="example.TriangleTest" time="0.0"/>
  <testcase name="[285] 100, 100, 99, 等腰三角形" classname="example.TriangleTest" time="0.0"/>
  <testcase name="[286] 100, 100, 100, 等边三角形" classname="example.TriangleTest" time="0.0"/>
  <testcase name="[287] 100, 100, 101, 输入错误" classname="example.TriangleTest" time="0.001"/>
  <testcase name="[288] 100, 101, 0, 输入错误" classname="example.TriangleTest" time="0.0"/>
  <testcase name="[289] 100, 101, 1, 输入错误" classname="example.TriangleTest" time="0.0"/>
  <testcase name="[290] 100, 101, 2, 输入错误" classname="example.TriangleTest" time="0.0"/>
  <testcase name="[291] 100, 101, 50, 输入错误" classname="example.TriangleTest" time="0.0"/>
  <testcase name="[292] 100, 101, 99, 输入错误" classname="example.TriangleTest" time="0.001"/>
  <testcase name="[293] 100, 101, 100, 输入错误" classname="example.TriangleTest" time="0.001"/>
  <testcase name="[294] 100, 101, 101, 输入错误" classname="example.TriangleTest" time="0.001"/>
  <testcase name="[295] 101, 0, 0, 输入错误" classname="example.TriangleTest" time="0.0"/>
  <testcase name="[296] 101, 0, 1, 输入错误" classname="example.TriangleTest" time="0.001"/>
  <testcase name="[297] 101, 0, 2, 输入错误" classname="example.TriangleTest" time="0.001"/>
  <testcase name="[298] 101, 0, 50, 输入错误" classname="example.TriangleTest" time="0.001"/>
  <testcase name="[299] 101, 0, 99, 输入错误" classname="example.TriangleTest" time="0.0"/>
  <testcase name="[300] 101, 0, 100, 输入错误" classname="example.TriangleTest" time="0.0"/>
  <testcase name="[301] 101, 0, 101, 输入错误" classname="example.TriangleTest" time="0.0"/>
  <testcase name="[302] 101, 1, 0, 输入错误" classname="example.TriangleTest" time="0.0"/>
  <testcase name="[303] 101, 1, 1, 输入错误" classname="example.TriangleTest" time="0.001"/>
  <testcase name="[304] 101, 1, 2, 输入错误" classname="example.TriangleTest" time="0.001"/>
  <testcase name="[305] 101, 1, 50, 输入错误" classname="example.TriangleTest" time="0.0"/>
  <testcase name="[306] 101, 1, 99, 输入错误" classname="example.TriangleTest" time="0.001"/>
  <testcase name="[307] 101, 1, 100, 输入错误" classname="example.TriangleTest" time="0.0"/>
  <testcase name="[308] 101, 1, 101, 输入错误" classname="example.TriangleTest" time="0.0"/>
  <testcase name="[309] 101, 2, 0, 输入错误" classname="example.TriangleTest" time="0.0"/>
  <testcase name="[310] 101, 2, 1, 输入错误" classname="example.TriangleTest" time="0.0"/>
  <testcase name="[311] 101, 2, 2, 输入错误" classname="example.TriangleTest" time="0.0"/>
  <testcase name="[312] 101, 2, 50, 输入错误" classname="example.TriangleTest" time="0.0"/>
  <testcase name="[313] 101, 2, 99, 输入错误" classname="example.TriangleTest" time="0.0"/>
  <testcase name="[314] 101, 2, 100, 输入错误" classname="example.TriangleTest" time="0.0"/>
  <testcase name="[315] 101, 2, 101, 输入错误" classname="example.TriangleTest" time="0.0"/>
  <testcase name="[316] 101, 50, 0, 输入错误" classname="example.TriangleTest" time="0.0"/>
  <testcase name="[317] 101, 50, 1, 输入错误" classname="example.TriangleTest" time="0.003"/>
  <testcase name="[318] 101, 50, 2, 输入错误" classname="example.TriangleTest" time="0.001"/>
  <testcase name="[319] 101, 50, 50, 输入错误" classname="example.TriangleTest" time="0.0"/>
  <testcase name="[320] 101, 50, 99, 输入错误" classname="example.TriangleTest" time="0.0"/>
  <testcase name="[321] 101, 50, 100, 输入错误" classname="example.TriangleTest" time="0.0"/>
  <testcase name="[322] 101, 50, 101, 输入错误" classname="example.TriangleTest" time="0.0"/>
  <testcase name="[323] 101, 99, 0, 输入错误" classname="example.TriangleTest" time="0.0"/>
  <testcase name="[324] 101, 99, 1, 输入错误" classname="example.TriangleTest" time="0.0"/>
  <testcase name="[325] 101, 99, 2, 输入错误" classname="example.TriangleTest" time="0.0"/>
  <testcase name="[326] 101, 99, 50, 输入错误" classname="example.TriangleTest" time="0.001"/>
  <testcase name="[327] 101, 99, 99, 输入错误" classname="example.TriangleTest" time="0.001"/>
  <testcase name="[328] 101, 99, 100, 输入错误" classname="example.TriangleTest" time="0.001"/>
  <testcase name="[329] 101, 99, 101, 输入错误" classname="example.TriangleTest" time="0.001"/>
  <testcase name="[330] 101, 100, 0, 输入错误" classname="example.TriangleTest" time="0.001"/>
  <testcase name="[331] 101, 100, 1, 输入错误" classname="example.TriangleTest" time="0.001"/>
  <testcase name="[332] 101, 100, 2, 输入错误" classname="example.TriangleTest" time="0.001"/>
  <testcase name="[333] 101, 100, 50, 输入错误" classname="example.TriangleTest" time="0.0"/>
  <testcase name="[334] 101, 100, 99, 输入错误" classname="example.TriangleTest" time="0.001"/>
  <testcase name="[335] 101, 100, 100, 输入错误" classname="example.TriangleTest" time="0.0"/>
  <testcase name="[336] 101, 100, 101, 输入错误" classname="example.TriangleTest" time="0.0"/>
  <testcase name="[337] 101, 101, 0, 输入错误" classname="example.TriangleTest" time="0.001"/>
  <testcase name="[338] 101, 101, 1, 输入错误" classname="example.TriangleTest" time="0.001"/>
  <testcase name="[339] 101, 101, 2, 输入错误" classname="example.TriangleTest" time="0.001"/>
  <testcase name="[340] 101, 101, 50, 输入错误" classname="example.TriangleTest" time="0.001"/>
  <testcase name="[341] 101, 101, 99, 输入错误" classname="example.TriangleTest" time="0.001"/>
  <testcase name="[342] 101, 101, 100, 输入错误" classname="example.TriangleTest" time="0.001"/>
  <testcase name="[343] 101, 101, 101, 输入错误" classname="example.TriangleTest" time="0.0"/>
  <system-out><![CDATA[]]></system-out>
  <system-err><![CDATA[]]></system-err>
</testsuite>
